<?xml version="1.0" encoding="UTF-8"?>
<!-- Generated by org.testng.reporters.JUnitReportReporter -->
<testsuite skipped="0" hostname="Sashi.local" name="smartbytes.aswini.testcases.CalculatorTest" tests="3" failures="0" timestamp="23 May 2020 06:13:06 GMT" time="0.006" errors="0">
  <testcase name="test_subtract" time="0.002" classname="smartbytes.aswini.testcases.CalculatorTest"/>
  <testcase name="test_add" time="0.002" classname="smartbytes.aswini.testcases.CalculatorTest"/>
  <testcase name="test_multiply" time="0.002" classname="smartbytes.aswini.testcases.CalculatorTest"/>
</testsuite> <!-- smartbytes.aswini.testcases.CalculatorTest -->
