<?xml version="1.0" encoding="UTF-8"?>
<!-- Generated by org.testng.reporters.JUnitReportReporter -->
<testsuite skipped="0" hostname="Sashi.local" name="smartbytes.aswini.TestProductAPI" tests="1" failures="0" timestamp="24 May 2020 18:15:41 GMT" time="3.020" errors="0">
  <testcase name="test_create_product" time="3.020" classname="smartbytes.aswini.TestProductAPI"/>
</testsuite> <!-- smartbytes.aswini.TestProductAPI -->
