<?xml version="1.0" encoding="UTF-8"?>
<!-- Generated by org.testng.reporters.JUnitReportReporter -->
<testsuite skipped="0" hostname="Sashi.local" name="smartbytes.aswini.testcases.AuthenticationServiceTest" tests="2" failures="0" timestamp="24 May 2020 18:15:36 GMT" time="0.001" errors="0">
  <testcase name="test_login_with_valid_credentials" time="0.001" classname="smartbytes.aswini.testcases.AuthenticationServiceTest"/>
  <testcase name="test_login_with_invalid_credentials" time="0.000" classname="smartbytes.aswini.testcases.AuthenticationServiceTest"/>
</testsuite> <!-- smartbytes.aswini.testcases.AuthenticationServiceTest -->
