<?xml version="1.0" encoding="UTF-8"?>
<!-- Generated by org.testng.reporters.JUnitReportReporter -->
<testsuite skipped="1" hostname="Sashi.local" name="smartbytes.aswini.testcases.CalculatorTest" tests="3" failures="0" timestamp="24 May 2020 07:12:48 GMT" time="0.022" errors="0">
  <testcase name="test_subtract" time="0.001" classname="smartbytes.aswini.testcases.CalculatorTest"/>
  <testcase name="test_multiply" time="0.021" classname="smartbytes.aswini.testcases.CalculatorTest"/>
  <testcase name="test_add" classname="smartbytes.aswini.testcases.CalculatorTest">
    <skipped/>
  </testcase> <!-- test_add -->
</testsuite> <!-- smartbytes.aswini.testcases.CalculatorTest -->
